<?xml version="1.0" encoding="UTF-8"?>
<!-- Generated by org.testng.reporters.JUnitXMLReporter -->
<testsuite hostname="Mohammads-MacBook-Air.local" ignored="1" name="Mount Sinai sanity Test" tests="1" failures="0" timestamp="10 Jan 2020 17:04:37 GMT" time="8.082" errors="0">
  <testcase name="testContactNumber" time="0.314" classname="org.mountsinai.qa.tests.LearningSeleniumMethodsTest"/>
  <testcase name="testLogo" time="0.0" classname="org.mountsinai.qa.tests.LearningSeleniumMethodsTest">
    <ignored/>
  </testcase> <!-- testLogo -->
</testsuite> <!-- Mount Sinai sanity Test -->
